# JRE version: Java(TM) SE Runtime Environment (7.0_71-b14) (build 1.7.0_71-b14)
# Java VM: Java HotSpot(TM) 64-Bit Server VM (24.71-b01 mixed mode linux-amd64 compressed oops)
Heap
 PSYoungGen      total 936960K, used 33949K [0x00000007c0000000, 0x00000007f9700000, 0x0000000800000000)
  eden space 932864K, 3% used [0x00000007c0000000,0x00000007c21275d8,0x00000007f8f00000)
  from space 4096K, 0% used [0x00000007f8f00000,0x00000007f8f00000,0x00000007f9300000)
  to   space 4096K, 0% used [0x00000007f9300000,0x00000007f9300000,0x00000007f9700000)
 ParOldGen       total 699392K, used 105283K [0x0000000740000000, 0x000000076ab00000, 0x00000007c0000000)
  object space 699392K, 15% used [0x0000000740000000,0x00000007466d0d48,0x000000076ab00000)
 PSPermGen       total 131584K, used 131215K [0x0000000680000000, 0x0000000688080000, 0x0000000740000000)
  object space 131584K, 99% used [0x0000000680000000,0x0000000688023f10,0x0000000688080000)
GC Heap History (10 events):
Event: 7229.753 GC heap before
{Heap before GC invocations=224 (full 109):
 PSYoungGen      total 937472K, used 1790K [0x00000007c0000000, 0x00000007f9800000, 0x0000000800000000)
  eden space 932864K, 0% used [0x00000007c0000000,0x00000007c0000000,0x00000007f8f00000)
  from space 4608K, 38% used [0x00000007f8f00000,0x00000007f90bfb10,0x00000007f9380000)
  to   space 4608K, 0% used [0x00000007f9380000,0x00000007f9380000,0x00000007f9800000)
 ParOldGen       total 699392K, used 105227K [0x0000000740000000, 0x000000076ab00000, 0x00000007c0000000)
  object space 699392K, 15% used [0x0000000740000000,0x00000007466c2c28,0x000000076ab00000)
 PSPermGen       total 131584K, used 131210K [0x0000000680000000, 0x0000000688080000, 0x0000000740000000)
  object space 131584K, 99% used [0x0000000680000000,0x0000000688022bd0,0x0000000688080000)
Event: 7229.940 GC heap after
Heap after GC invocations=224 (full 109):
 PSYoungGen      total 937472K, used 0K [0x00000007c0000000, 0x00000007f9800000, 0x0000000800000000)
  eden space 932864K, 0% used [0x00000007c0000000,0x00000007c0000000,0x00000007f8f00000)
  from space 4608K, 0% used [0x00000007f8f00000,0x00000007f8f00000,0x00000007f9380000)
  to   space 4608K, 0% used [0x00000007f9380000,0x00000007f9380000,0x00000007f9800000)
 ParOldGen       total 699392K, used 105707K [0x0000000740000000, 0x000000076ab00000, 0x00000007c0000000)
  object space 699392K, 15% used [0x0000000740000000,0x000000074673ac20,0x000000076ab00000)
 PSPermGen       total 131584K, used 131210K [0x0000000680000000, 0x0000000688080000, 0x0000000740000000)
  object space 131584K, 99% used [0x0000000680000000,0x0000000688022af0,0x0000000688080000)
}
Event: 7289.735 GC heap before
{Heap before GC invocations=225 (full 109):
 PSYoungGen      total 937472K, used 64856K [0x00000007c0000000, 0x00000007f9800000, 0x0000000800000000)
  eden space 932864K, 6% used [0x00000007c0000000,0x00000007c3f56138,0x00000007f8f00000)
  from space 4608K, 0% used [0x00000007f8f00000,0x00000007f8f00000,0x00000007f9380000)
  to   space 4608K, 0% used [0x00000007f9380000,0x00000007f9380000,0x00000007f9800000)
 ParOldGen       total 699392K, used 105707K [0x0000000740000000, 0x000000076ab00000, 0x00000007c0000000)
  object space 699392K, 15% used [0x0000000740000000,0x000000074673ac20,0x000000076ab00000)
 PSPermGen       total 131584K, used 131212K [0x0000000680000000, 0x0000000688080000, 0x0000000740000000)
  object space 131584K, 99% used [0x0000000680000000,0x00000006880231b0,0x0000000688080000)
Event: 7289.743 GC heap after
Heap after GC invocations=225 (full 109):
 PSYoungGen      total 936448K, used 1113K [0x00000007c0000000, 0x00000007f9700000, 0x0000000800000000)
  eden space 932864K, 0% used [0x00000007c0000000,0x00000007c0000000,0x00000007f8f00000)
  from space 3584K, 31% used [0x00000007f9380000,0x00000007f9496410,0x00000007f9700000)
  to   space 4096K, 0% used [0x00000007f8f00000,0x00000007f8f00000,0x00000007f9300000)
 ParOldGen       total 699392K, used 105707K [0x0000000740000000, 0x000000076ab00000, 0x00000007c0000000)
  object space 699392K, 15% used [0x0000000740000000,0x000000074673ac20,0x000000076ab00000)
 PSPermGen       total 131584K, used 131212K [0x0000000680000000, 0x0000000688080000, 0x0000000740000000)
  object space 131584K, 99% used [0x0000000680000000,0x00000006880231b0,0x0000000688080000)
}
Event: 7289.743 GC heap before
{Heap before GC invocations=226 (full 110):
 PSYoungGen      total 936448K, used 1113K [0x00000007c0000000, 0x00000007f9700000, 0x0000000800000000)
  eden space 932864K, 0% used [0x00000007c0000000,0x00000007c0000000,0x00000007f8f00000)
  from space 3584K, 31% used [0x00000007f9380000,0x00000007f9496410,0x00000007f9700000)
  to   space 4096K, 0% used [0x00000007f8f00000,0x00000007f8f00000,0x00000007f9300000)
 ParOldGen       total 699392K, used 105707K [0x0000000740000000, 0x000000076ab00000, 0x00000007c0000000)
  object space 699392K, 15% used [0x0000000740000000,0x000000074673ac20,0x000000076ab00000)
 PSPermGen       total 131584K, used 131212K [0x0000000680000000, 0x0000000688080000, 0x0000000740000000)
  object space 131584K, 99% used [0x0000000680000000,0x00000006880231b0,0x0000000688080000)
Event: 7289.915 GC heap after
Heap after GC invocations=226 (full 110):
 PSYoungGen      total 936448K, used 0K [0x00000007c0000000, 0x00000007f9700000, 0x0000000800000000)
  eden space 932864K, 0% used [0x00000007c0000000,0x00000007c0000000,0x00000007f8f00000)
  from space 3584K, 0% used [0x00000007f9380000,0x00000007f9380000,0x00000007f9700000)
  to   space 4096K, 0% used [0x00000007f8f00000,0x00000007f8f00000,0x00000007f9300000)
 ParOldGen       total 699392K, used 105379K [0x0000000740000000, 0x000000076ab00000, 0x00000007c0000000)
  object space 699392K, 15% used [0x0000000740000000,0x00000007466e8ec0,0x000000076ab00000)
 PSPermGen       total 131584K, used 131212K [0x0000000680000000, 0x0000000688080000, 0x0000000740000000)
  object space 131584K, 99% used [0x0000000680000000,0x00000006880231b0,0x0000000688080000)
}
Event: 7349.736 GC heap before
{Heap before GC invocations=227 (full 110):
 PSYoungGen      total 936448K, used 82475K [0x00000007c0000000, 0x00000007f9700000, 0x0000000800000000)
  eden space 932864K, 8% used [0x00000007c0000000,0x00000007c508af10,0x00000007f8f00000)
  from space 3584K, 0% used [0x00000007f9380000,0x00000007f9380000,0x00000007f9700000)
  to   space 4096K, 0% used [0x00000007f8f00000,0x00000007f8f00000,0x00000007f9300000)
 ParOldGen       total 699392K, used 105379K [0x0000000740000000, 0x000000076ab00000, 0x00000007c0000000)
  object space 699392K, 15% used [0x0000000740000000,0x00000007466e8ec0,0x000000076ab00000)
 PSPermGen       total 131584K, used 131214K [0x0000000680000000, 0x0000000688080000, 0x0000000740000000)
  object space 131584K, 99% used [0x0000000680000000,0x0000000688023bc0,0x0000000688080000)
Event: 7349.745 GC heap after
Heap after GC invocations=227 (full 110):
 PSYoungGen      total 936960K, used 1145K [0x00000007c0000000, 0x00000007f9700000, 0x0000000800000000)
  eden space 932864K, 0% used [0x00000007c0000000,0x00000007c0000000,0x00000007f8f00000)
  from space 4096K, 27% used [0x00000007f8f00000,0x00000007f901e410,0x00000007f9300000)
  to   space 4096K, 0% used [0x00000007f9300000,0x00000007f9300000,0x00000007f9700000)
 ParOldGen       total 699392K, used 105379K [0x0000000740000000, 0x000000076ab00000, 0x00000007c0000000)
  object space 699392K, 15% used [0x0000000740000000,0x00000007466e8ec0,0x000000076ab00000)
 PSPermGen       total 131584K, used 131214K [0x0000000680000000, 0x0000000688080000, 0x0000000740000000)
  object space 131584K, 99% used [0x0000000680000000,0x0000000688023bc0,0x0000000688080000)
}
Event: 7349.745 GC heap before
{Heap before GC invocations=228 (full 111):
 PSYoungGen      total 936960K, used 1145K [0x00000007c0000000, 0x00000007f9700000, 0x0000000800000000)
  eden space 932864K, 0% used [0x00000007c0000000,0x00000007c0000000,0x00000007f8f00000)
  from space 4096K, 27% used [0x00000007f8f00000,0x00000007f901e410,0x00000007f9300000)
  to   space 4096K, 0% used [0x00000007f9300000,0x00000007f9300000,0x00000007f9700000)
 ParOldGen       total 699392K, used 105379K [0x0000000740000000, 0x000000076ab00000, 0x00000007c0000000)
  object space 699392K, 15% used [0x0000000740000000,0x00000007466e8ec0,0x000000076ab00000)
 PSPermGen       total 131584K, used 131214K [0x0000000680000000, 0x0000000688080000, 0x0000000740000000)
  object space 131584K, 99% used [0x0000000680000000,0x0000000688023bc0,0x0000000688080000)
Event: 7349.987 GC heap after
Heap after GC invocations=228 (full 111):
 PSYoungGen      total 936960K, used 0K [0x00000007c0000000, 0x00000007f9700000, 0x0000000800000000)
  eden space 932864K, 0% used [0x00000007c0000000,0x00000007c0000000,0x00000007f8f00000)
  from space 4096K, 0% used [0x00000007f8f00000,0x00000007f8f00000,0x00000007f9300000)
  to   space 4096K, 0% used [0x00000007f9300000,0x00000007f9300000,0x00000007f9700000)
 ParOldGen       total 699392K, used 105283K [0x0000000740000000, 0x000000076ab00000, 0x00000007c0000000)
  object space 699392K, 15% used [0x0000000740000000,0x00000007466d0d48,0x000000076ab00000)
 PSPermGen       total 131584K, used 131214K [0x0000000680000000, 0x0000000688080000, 0x0000000740000000)
  object space 131584K, 99% used [0x0000000680000000,0x0000000688023ba0,0x0000000688080000)
}

